[Config] Lokale Konfiguration aus config_local.py geladen
[Init] OHLCV Cache geleert - hole frische Daten von binance

================================================================================
[Indicator] Starte Jurik Moving Average - Cache geleert
[Config] USE_MIN_HOLD_FILTER=True, MIN_HOLD_DAY_VALUES=[0, 2]
[Config] USE_HIGHER_TIMEFRAME_FILTER=True
================================================================================

[Run] Indicator=Jurik Moving Average, HTF=4h, MinHoldDays=[0, 2], ATRMults=[None, 1.5]

  [1/9] BTC/EUR
[Warn] Failed to fetch 1m data for BTC/EUR: binance GET https://api.binance.com/api/v3/exchangeInfo
[Warn] Failed to fetch 1m data for BTC/EUR: binance GET https://api.binance.com/api/v3/exchangeInfo
    [Debug] HTF Trend Verteilung: {0: 10008, -1: 1033, 1: 959}
    [Debug] trend_flag Verteilung: {1: 6201, -1: 5799}, Trend-Flips: 3551
    1/360 | Length=20, Phase=-50, ATR=None, Hold=0d, Exit=trend, long -> PnL: -715.78
    2/360 | Length=20, Phase=-50, ATR=None, Hold=0d, Exit=trend, short -> PnL: -404.29
    3/360 | Length=20, Phase=-50, ATR=None, Hold=0d, Exit=2b, long -> PnL: -715.91
    4/360 | Length=20, Phase=-50, ATR=None, Hold=0d, Exit=2b, short -> PnL: -543.21
    5/360 | Length=20, Phase=-50, ATR=None, Hold=0d, Exit=3b, long -> PnL: -711.92
    6/360 | Length=20, Phase=-50, ATR=None, Hold=0d, Exit=3b, short -> PnL: -468.35
    7/360 | Length=20, Phase=-50, ATR=None, Hold=0d, Exit=4b, long -> PnL: -697.73
    8/360 | Length=20, Phase=-50, ATR=None, Hold=0d, Exit=4b, short -> PnL: -441.58
    9/360 | Length=20, Phase=-50, ATR=None, Hold=0d, Exit=5b, long -> PnL: -664.14
    10/360 | Length=20, Phase=-50, ATR=None, Hold=0d, Exit=5b, short -> PnL: -381.54
    11/360 | Length=20, Phase=-50, ATR=None, Hold=2d, Exit=trend, long -> PnL: -665.62
    12/360 | Length=20, Phase=-50, ATR=None, Hold=2d, Exit=trend, short -> PnL: +770.24
    13/360 | Length=20, Phase=-50, ATR=None, Hold=2d, Exit=2b, long -> PnL: -713.60
    14/360 | Length=20, Phase=-50, ATR=None, Hold=2d, Exit=2b, short -> PnL: -582.27
    15/360 | Length=20, Phase=-50, ATR=None, Hold=2d, Exit=3b, long -> PnL: -794.90
    16/360 | Length=20, Phase=-50, ATR=None, Hold=2d, Exit=3b, short -> PnL: -515.61
    17/360 | Length=20, Phase=-50, ATR=None, Hold=2d, Exit=4b, long -> PnL: -551.82
    18/360 | Length=20, Phase=-50, ATR=None, Hold=2d, Exit=4b, short -> PnL: -476.78
    19/360 | Length=20, Phase=-50, ATR=None, Hold=2d, Exit=5b, long -> PnL: -408.38
    20/360 | Length=20, Phase=-50, ATR=None, Hold=2d, Exit=5b, short -> PnL: -327.96
    21/360 | Length=20, Phase=-50, ATR=1.5, Hold=0d, Exit=trend, long -> PnL: -634.19
    22/360 | Length=20, Phase=-50, ATR=1.5, Hold=0d, Exit=trend, short -> PnL: -303.05
    23/360 | Length=20, Phase=-50, ATR=1.5, Hold=0d, Exit=2b, long -> PnL: -642.37
    24/360 | Length=20, Phase=-50, ATR=1.5, Hold=0d, Exit=2b, short -> PnL: -440.48
    25/360 | Length=20, Phase=-50, ATR=1.5, Hold=0d, Exit=3b, long -> PnL: -630.31
    26/360 | Length=20, Phase=-50, ATR=1.5, Hold=0d, Exit=3b, short -> PnL: -367.52
    27/360 | Length=20, Phase=-50, ATR=1.5, Hold=0d, Exit=4b, long -> PnL: -616.05
    28/360 | Length=20, Phase=-50, ATR=1.5, Hold=0d, Exit=4b, short -> PnL: -340.58
    29/360 | Length=20, Phase=-50, ATR=1.5, Hold=0d, Exit=5b, long -> PnL: -582.28
    30/360 | Length=20, Phase=-50, ATR=1.5, Hold=0d, Exit=5b, short -> PnL: -280.15
    31/360 | Length=20, Phase=-50, ATR=1.5, Hold=2d, Exit=trend, long -> PnL: -294.68
    32/360 | Length=20, Phase=-50, ATR=1.5, Hold=2d, Exit=trend, short -> PnL: +21.19
    33/360 | Length=20, Phase=-50, ATR=1.5, Hold=2d, Exit=2b, long -> PnL: -631.54
    34/360 | Length=20, Phase=-50, ATR=1.5, Hold=2d, Exit=2b, short -> PnL: -430.23
    35/360 | Length=20, Phase=-50, ATR=1.5, Hold=2d, Exit=3b, long -> PnL: -647.21
    36/360 | Length=20, Phase=-50, ATR=1.5, Hold=2d, Exit=3b, short -> PnL: -294.74
    37/360 | Length=20, Phase=-50, ATR=1.5, Hold=2d, Exit=4b, long -> PnL: -455.17
    38/360 | Length=20, Phase=-50, ATR=1.5, Hold=2d, Exit=4b, short -> PnL: -283.85
    39/360 | Length=20, Phase=-50, ATR=1.5, Hold=2d, Exit=5b, long -> PnL: -332.21
    40/360 | Length=20, Phase=-50, ATR=1.5, Hold=2d, Exit=5b, short -> PnL: -90.77
    41/360 | Length=20, Phase=0, ATR=None, Hold=0d, Exit=trend, long -> PnL: -704.88
    42/360 | Length=20, Phase=0, ATR=None, Hold=0d, Exit=trend, short -> PnL: -475.50
    43/360 | Length=20, Phase=0, ATR=None, Hold=0d, Exit=2b, long -> PnL: -600.57
    44/360 | Length=20, Phase=0, ATR=None, Hold=0d, Exit=2b, short -> PnL: -634.27
    45/360 | Length=20, Phase=0, ATR=None, Hold=0d, Exit=3b, long -> PnL: -630.25
    46/360 | Length=20, Phase=0, ATR=None, Hold=0d, Exit=3b, short -> PnL: -479.83
    47/360 | Length=20, Phase=0, ATR=None, Hold=0d, Exit=4b, long -> PnL: -655.42
    48/360 | Length=20, Phase=0, ATR=None, Hold=0d, Exit=4b, short -> PnL: -460.65
    49/360 | Length=20, Phase=0, ATR=None, Hold=0d, Exit=5b, long -> PnL: -668.28
    50/360 | Length=20, Phase=0, ATR=None, Hold=0d, Exit=5b, short -> PnL: -467.18
    51/360 | Length=20, Phase=0, ATR=None, Hold=2d, Exit=trend, long -> PnL: -575.89
    52/360 | Length=20, Phase=0, ATR=None, Hold=2d, Exit=trend, short -> PnL: +704.60
    53/360 | Length=20, Phase=0, ATR=None, Hold=2d, Exit=2b, long -> PnL: -594.90
    54/360 | Length=20, Phase=0, ATR=None, Hold=2d, Exit=2b, short -> PnL: -728.12
    55/360 | Length=20, Phase=0, ATR=None, Hold=2d, Exit=3b, long -> PnL: -693.96
    56/360 | Length=20, Phase=0, ATR=None, Hold=2d, Exit=3b, short -> PnL: -666.62
    57/360 | Length=20, Phase=0, ATR=None, Hold=2d, Exit=4b, long -> PnL: -593.98
    58/360 | Length=20, Phase=0, ATR=None, Hold=2d, Exit=4b, short -> PnL: -565.04
    59/360 | Length=20, Phase=0, ATR=None, Hold=2d, Exit=5b, long -> PnL: -476.74
    60/360 | Length=20, Phase=0, ATR=None, Hold=2d, Exit=5b, short -> PnL: -371.74
    61/360 | Length=20, Phase=0, ATR=1.5, Hold=0d, Exit=trend, long -> PnL: -613.24
    62/360 | Length=20, Phase=0, ATR=1.5, Hold=0d, Exit=trend, short -> PnL: -372.32
    63/360 | Length=20, Phase=0, ATR=1.5, Hold=0d, Exit=2b, long -> PnL: -516.41
    64/360 | Length=20, Phase=0, ATR=1.5, Hold=0d, Exit=2b, short -> PnL: -532.15
    65/360 | Length=20, Phase=0, ATR=1.5, Hold=0d, Exit=3b, long -> PnL: -538.16
    66/360 | Length=20, Phase=0, ATR=1.5, Hold=0d, Exit=3b, short -> PnL: -376.68
    67/360 | Length=20, Phase=0, ATR=1.5, Hold=0d, Exit=4b, long -> PnL: -563.48
    68/360 | Length=20, Phase=0, ATR=1.5, Hold=0d, Exit=4b, short -> PnL: -357.37
    69/360 | Length=20, Phase=0, ATR=1.5, Hold=0d, Exit=5b, long -> PnL: -576.41
    70/360 | Length=20, Phase=0, ATR=1.5, Hold=0d, Exit=5b, short -> PnL: -363.94
    71/360 | Length=20, Phase=0, ATR=1.5, Hold=2d, Exit=trend, long -> PnL: -234.93
    72/360 | Length=20, Phase=0, ATR=1.5, Hold=2d, Exit=trend, short -> PnL: +85.07
    73/360 | Length=20, Phase=0, ATR=1.5, Hold=2d, Exit=2b, long -> PnL: -504.53
    74/360 | Length=20, Phase=0, ATR=1.5, Hold=2d, Exit=2b, short -> PnL: -553.58
    75/360 | Length=20, Phase=0, ATR=1.5, Hold=2d, Exit=3b, long -> PnL: -556.60
    76/360 | Length=20, Phase=0, ATR=1.5, Hold=2d, Exit=3b, short -> PnL: -407.57
    77/360 | Length=20, Phase=0, ATR=1.5, Hold=2d, Exit=4b, long -> PnL: -471.83
    78/360 | Length=20, Phase=0, ATR=1.5, Hold=2d, Exit=4b, short -> PnL: -330.49
    79/360 | Length=20, Phase=0, ATR=1.5, Hold=2d, Exit=5b, long -> PnL: -337.64
    80/360 | Length=20, Phase=0, ATR=1.5, Hold=2d, Exit=5b, short -> PnL: -198.31
    81/360 | Length=20, Phase=50, ATR=None, Hold=0d, Exit=trend, long -> PnL: -630.25
    82/360 | Length=20, Phase=50, ATR=None, Hold=0d, Exit=trend, short -> PnL: -425.76
    83/360 | Length=20, Phase=50, ATR=None, Hold=0d, Exit=2b, long -> PnL: -519.21
    84/360 | Length=20, Phase=50, ATR=None, Hold=0d, Exit=2b, short -> PnL: -572.16
    85/360 | Length=20, Phase=50, ATR=None, Hold=0d, Exit=3b, long -> PnL: -564.34
    86/360 | Length=20, Phase=50, ATR=None, Hold=0d, Exit=3b, short -> PnL: -424.92
    87/360 | Length=20, Phase=50, ATR=None, Hold=0d, Exit=4b, long -> PnL: -577.42
    88/360 | Length=20, Phase=50, ATR=None, Hold=0d, Exit=4b, short -> PnL: -399.91
    89/360 | Length=20, Phase=50, ATR=None, Hold=0d, Exit=5b, long -> PnL: -600.69
    90/360 | Length=20, Phase=50, ATR=None, Hold=0d, Exit=5b, short -> PnL: -409.61
    91/360 | Length=20, Phase=50, ATR=None, Hold=2d, Exit=trend, long -> PnL: -560.94
    92/360 | Length=20, Phase=50, ATR=None, Hold=2d, Exit=trend, short -> PnL: +686.71
    93/360 | Length=20, Phase=50, ATR=None, Hold=2d, Exit=2b, long -> PnL: -510.41
    94/360 | Length=20, Phase=50, ATR=None, Hold=2d, Exit=2b, short -> PnL: -697.37
    95/360 | Length=20, Phase=50, ATR=None, Hold=2d, Exit=3b, long -> PnL: -645.78
    96/360 | Length=20, Phase=50, ATR=None, Hold=2d, Exit=3b, short -> PnL: -610.77
    97/360 | Length=20, Phase=50, ATR=None, Hold=2d, Exit=4b, long -> PnL: -569.65
    98/360 | Length=20, Phase=50, ATR=None, Hold=2d, Exit=4b, short -> PnL: -541.11
    99/360 | Length=20, Phase=50, ATR=None, Hold=2d, Exit=5b, long -> PnL: -498.61
    100/360 | Length=20, Phase=50, ATR=None, Hold=2d, Exit=5b, short -> PnL: -443.19
    101/360 | Length=20, Phase=50, ATR=1.5, Hold=0d, Exit=trend, long -> PnL: -531.81
    102/360 | Length=20, Phase=50, ATR=1.5, Hold=0d, Exit=trend, short -> PnL: -322.25
    103/360 | Length=20, Phase=50, ATR=1.5, Hold=0d, Exit=2b, long -> PnL: -447.00
    104/360 | Length=20, Phase=50, ATR=1.5, Hold=0d, Exit=2b, short -> PnL: -469.62
    105/360 | Length=20, Phase=50, ATR=1.5, Hold=0d, Exit=3b, long -> PnL: -465.47
    106/360 | Length=20, Phase=50, ATR=1.5, Hold=0d, Exit=3b, short -> PnL: -321.40
    107/360 | Length=20, Phase=50, ATR=1.5, Hold=0d, Exit=4b, long -> PnL: -478.64
    108/360 | Length=20, Phase=50, ATR=1.5, Hold=0d, Exit=4b, short -> PnL: -296.23
    109/360 | Length=20, Phase=50, ATR=1.5, Hold=0d, Exit=5b, long -> PnL: -502.05
    110/360 | Length=20, Phase=50, ATR=1.5, Hold=0d, Exit=5b, short -> PnL: -305.99
    111/360 | Length=20, Phase=50, ATR=1.5, Hold=2d, Exit=trend, long -> PnL: -218.45
    112/360 | Length=20, Phase=50, ATR=1.5, Hold=2d, Exit=trend, short -> PnL: +141.34
    113/360 | Length=20, Phase=50, ATR=1.5, Hold=2d, Exit=2b, long -> PnL: -433.21
    114/360 | Length=20, Phase=50, ATR=1.5, Hold=2d, Exit=2b, short -> PnL: -535.66
    115/360 | Length=20, Phase=50, ATR=1.5, Hold=2d, Exit=3b, long -> PnL: -527.26
    116/360 | Length=20, Phase=50, ATR=1.5, Hold=2d, Exit=3b, short -> PnL: -422.97
    117/360 | Length=20, Phase=50, ATR=1.5, Hold=2d, Exit=4b, long -> PnL: -418.37
    118/360 | Length=20, Phase=50, ATR=1.5, Hold=2d, Exit=4b, short -> PnL: -343.48
    119/360 | Length=20, Phase=50, ATR=1.5, Hold=2d, Exit=5b, long -> PnL: -327.79
    120/360 | Length=20, Phase=50, ATR=1.5, Hold=2d, Exit=5b, short -> PnL: -244.37
    121/360 | Length=30, Phase=-50, ATR=None, Hold=0d, Exit=trend, long -> PnL: -637.55
    122/360 | Length=30, Phase=-50, ATR=None, Hold=0d, Exit=trend, short -> PnL: -200.85
    123/360 | Length=30, Phase=-50, ATR=None, Hold=0d, Exit=2b, long -> PnL: -640.07
    124/360 | Length=30, Phase=-50, ATR=None, Hold=0d, Exit=2b, short -> PnL: -403.82
    125/360 | Length=30, Phase=-50, ATR=None, Hold=0d, Exit=3b, long -> PnL: -628.66
    126/360 | Length=30, Phase=-50, ATR=None, Hold=0d, Exit=3b, short -> PnL: -319.91
    127/360 | Length=30, Phase=-50, ATR=None, Hold=0d, Exit=4b, long -> PnL: -586.47
    128/360 | Length=30, Phase=-50, ATR=None, Hold=0d, Exit=4b, short -> PnL: -282.38
    129/360 | Length=30, Phase=-50, ATR=None, Hold=0d, Exit=5b, long -> PnL: -555.55
    130/360 | Length=30, Phase=-50, ATR=None, Hold=0d, Exit=5b, short -> PnL: -243.75
    131/360 | Length=30, Phase=-50, ATR=None, Hold=2d, Exit=trend, long -> PnL: -703.39
    132/360 | Length=30, Phase=-50, ATR=None, Hold=2d, Exit=trend, short -> PnL: +551.67
    133/360 | Length=30, Phase=-50, ATR=None, Hold=2d, Exit=2b, long -> PnL: -623.82
    134/360 | Length=30, Phase=-50, ATR=None, Hold=2d, Exit=2b, short -> PnL: -409.99
    135/360 | Length=30, Phase=-50, ATR=None, Hold=2d, Exit=3b, long -> PnL: -666.82
    136/360 | Length=30, Phase=-50, ATR=None, Hold=2d, Exit=3b, short -> PnL: -353.75
    137/360 | Length=30, Phase=-50, ATR=None, Hold=2d, Exit=4b, long -> PnL: -489.97
    138/360 | Length=30, Phase=-50, ATR=None, Hold=2d, Exit=4b, short -> PnL: -356.66
    139/360 | Length=30, Phase=-50, ATR=None, Hold=2d, Exit=5b, long -> PnL: -255.43
    140/360 | Length=30, Phase=-50, ATR=None, Hold=2d, Exit=5b, short -> PnL: -250.64
    141/360 | Length=30, Phase=-50, ATR=1.5, Hold=0d, Exit=trend, long -> PnL: -552.87
    142/360 | Length=30, Phase=-50, ATR=1.5, Hold=0d, Exit=trend, short -> PnL: -146.44
    143/360 | Length=30, Phase=-50, ATR=1.5, Hold=0d, Exit=2b, long -> PnL: -558.16
    144/360 | Length=30, Phase=-50, ATR=1.5, Hold=0d, Exit=2b, short -> PnL: -347.70
    145/360 | Length=30, Phase=-50, ATR=1.5, Hold=0d, Exit=3b, long -> PnL: -543.93
    146/360 | Length=30, Phase=-50, ATR=1.5, Hold=0d, Exit=3b, short -> PnL: -265.91
    147/360 | Length=30, Phase=-50, ATR=1.5, Hold=0d, Exit=4b, long -> PnL: -501.50
    148/360 | Length=30, Phase=-50, ATR=1.5, Hold=0d, Exit=4b, short -> PnL: -228.24
    149/360 | Length=30, Phase=-50, ATR=1.5, Hold=0d, Exit=5b, long -> PnL: -470.41
    150/360 | Length=30, Phase=-50, ATR=1.5, Hold=0d, Exit=5b, short -> PnL: -189.49
    151/360 | Length=30, Phase=-50, ATR=1.5, Hold=2d, Exit=trend, long -> PnL: -241.79
    152/360 | Length=30, Phase=-50, ATR=1.5, Hold=2d, Exit=trend, short -> PnL: +285.72
    153/360 | Length=30, Phase=-50, ATR=1.5, Hold=2d, Exit=2b, long -> PnL: -539.27
    154/360 | Length=30, Phase=-50, ATR=1.5, Hold=2d, Exit=2b, short -> PnL: -313.22
    155/360 | Length=30, Phase=-50, ATR=1.5, Hold=2d, Exit=3b, long -> PnL: -549.06
    156/360 | Length=30, Phase=-50, ATR=1.5, Hold=2d, Exit=3b, short -> PnL: -254.00
    157/360 | Length=30, Phase=-50, ATR=1.5, Hold=2d, Exit=4b, long -> PnL: -396.95
    158/360 | Length=30, Phase=-50, ATR=1.5, Hold=2d, Exit=4b, short -> PnL: -257.13
    159/360 | Length=30, Phase=-50, ATR=1.5, Hold=2d, Exit=5b, long -> PnL: -280.07
    160/360 | Length=30, Phase=-50, ATR=1.5, Hold=2d, Exit=5b, short -> PnL: -69.18
    161/360 | Length=30, Phase=0, ATR=None, Hold=0d, Exit=trend, long -> PnL: -599.54
    162/360 | Length=30, Phase=0, ATR=None, Hold=0d, Exit=trend, short -> PnL: -373.22
    163/360 | Length=30, Phase=0, ATR=None, Hold=0d, Exit=2b, long -> PnL: -603.36
    164/360 | Length=30, Phase=0, ATR=None, Hold=0d, Exit=2b, short -> PnL: -499.63
    165/360 | Length=30, Phase=0, ATR=None, Hold=0d, Exit=3b, long -> PnL: -550.81
    166/360 | Length=30, Phase=0, ATR=None, Hold=0d, Exit=3b, short -> PnL: -404.03
    167/360 | Length=30, Phase=0, ATR=None, Hold=0d, Exit=4b, long -> PnL: -559.84
    168/360 | Length=30, Phase=0, ATR=None, Hold=0d, Exit=4b, short -> PnL: -395.70
    169/360 | Length=30, Phase=0, ATR=None, Hold=0d, Exit=5b, long -> PnL: -548.86
    170/360 | Length=30, Phase=0, ATR=None, Hold=0d, Exit=5b, short -> PnL: -365.19
    171/360 | Length=30, Phase=0, ATR=None, Hold=2d, Exit=trend, long -> PnL: -748.22
    172/360 | Length=30, Phase=0, ATR=None, Hold=2d, Exit=trend, short -> PnL: +573.01
    173/360 | Length=30, Phase=0, ATR=None, Hold=2d, Exit=2b, long -> PnL: -585.18
    174/360 | Length=30, Phase=0, ATR=None, Hold=2d, Exit=2b, short -> PnL: -425.12
    175/360 | Length=30, Phase=0, ATR=None, Hold=2d, Exit=3b, long -> PnL: -535.96
    176/360 | Length=30, Phase=0, ATR=None, Hold=2d, Exit=3b, short -> PnL: -451.42
    177/360 | Length=30, Phase=0, ATR=None, Hold=2d, Exit=4b, long -> PnL: -407.19
    178/360 | Length=30, Phase=0, ATR=None, Hold=2d, Exit=4b, short -> PnL: -325.38
    179/360 | Length=30, Phase=0, ATR=None, Hold=2d, Exit=5b, long -> PnL: -332.31
    180/360 | Length=30, Phase=0, ATR=None, Hold=2d, Exit=5b, short -> PnL: -224.49
    181/360 | Length=30, Phase=0, ATR=1.5, Hold=0d, Exit=trend, long -> PnL: -527.02
    182/360 | Length=30, Phase=0, ATR=1.5, Hold=0d, Exit=trend, short -> PnL: -318.79
    183/360 | Length=30, Phase=0, ATR=1.5, Hold=0d, Exit=2b, long -> PnL: -525.43
    184/360 | Length=30, Phase=0, ATR=1.5, Hold=0d, Exit=2b, short -> PnL: -443.25
    185/360 | Length=30, Phase=0, ATR=1.5, Hold=0d, Exit=3b, long -> PnL: -478.35
    186/360 | Length=30, Phase=0, ATR=1.5, Hold=0d, Exit=3b, short -> PnL: -349.71
    187/360 | Length=30, Phase=0, ATR=1.5, Hold=0d, Exit=4b, long -> PnL: -487.13
    188/360 | Length=30, Phase=0, ATR=1.5, Hold=0d, Exit=4b, short -> PnL: -341.34
    189/360 | Length=30, Phase=0, ATR=1.5, Hold=0d, Exit=5b, long -> PnL: -476.10
    190/360 | Length=30, Phase=0, ATR=1.5, Hold=0d, Exit=5b, short -> PnL: -310.73
    191/360 | Length=30, Phase=0, ATR=1.5, Hold=2d, Exit=trend, long -> PnL: -234.07
    192/360 | Length=30, Phase=0, ATR=1.5, Hold=2d, Exit=trend, short -> PnL: +238.92
    193/360 | Length=30, Phase=0, ATR=1.5, Hold=2d, Exit=2b, long -> PnL: -501.61
    194/360 | Length=30, Phase=0, ATR=1.5, Hold=2d, Exit=2b, short -> PnL: -347.52
    195/360 | Length=30, Phase=0, ATR=1.5, Hold=2d, Exit=3b, long -> PnL: -434.03
    196/360 | Length=30, Phase=0, ATR=1.5, Hold=2d, Exit=3b, short -> PnL: -263.14
    197/360 | Length=30, Phase=0, ATR=1.5, Hold=2d, Exit=4b, long -> PnL: -343.11
    198/360 | Length=30, Phase=0, ATR=1.5, Hold=2d, Exit=4b, short -> PnL: -175.60
    199/360 | Length=30, Phase=0, ATR=1.5, Hold=2d, Exit=5b, long -> PnL: -247.53
    200/360 | Length=30, Phase=0, ATR=1.5, Hold=2d, Exit=5b, short -> PnL: -4.88
    201/360 | Length=30, Phase=50, ATR=None, Hold=0d, Exit=trend, long -> PnL: -556.83
    202/360 | Length=30, Phase=50, ATR=None, Hold=0d, Exit=trend, short -> PnL: -483.57
    203/360 | Length=30, Phase=50, ATR=None, Hold=0d, Exit=2b, long -> PnL: -504.59
    204/360 | Length=30, Phase=50, ATR=None, Hold=0d, Exit=2b, short -> PnL: -581.70
    205/360 | Length=30, Phase=50, ATR=None, Hold=0d, Exit=3b, long -> PnL: -516.26
    206/360 | Length=30, Phase=50, ATR=None, Hold=0d, Exit=3b, short -> PnL: -488.32
    207/360 | Length=30, Phase=50, ATR=None, Hold=0d, Exit=4b, long -> PnL: -500.86
    208/360 | Length=30, Phase=50, ATR=None, Hold=0d, Exit=4b, short -> PnL: -445.29
    209/360 | Length=30, Phase=50, ATR=None, Hold=0d, Exit=5b, long -> PnL: -515.30
    210/360 | Length=30, Phase=50, ATR=None, Hold=0d, Exit=5b, short -> PnL: -474.85
    211/360 | Length=30, Phase=50, ATR=None, Hold=2d, Exit=trend, long -> PnL: -788.47
    212/360 | Length=30, Phase=50, ATR=None, Hold=2d, Exit=trend, short -> PnL: +561.49
    213/360 | Length=30, Phase=50, ATR=None, Hold=2d, Exit=2b, long -> PnL: -466.39
    214/360 | Length=30, Phase=50, ATR=None, Hold=2d, Exit=2b, short -> PnL: -609.88
    215/360 | Length=30, Phase=50, ATR=None, Hold=2d, Exit=3b, long -> PnL: -492.74
    216/360 | Length=30, Phase=50, ATR=None, Hold=2d, Exit=3b, short -> PnL: -471.66
    217/360 | Length=30, Phase=50, ATR=None, Hold=2d, Exit=4b, long -> PnL: -392.45
    218/360 | Length=30, Phase=50, ATR=None, Hold=2d, Exit=4b, short -> PnL: -473.66
    219/360 | Length=30, Phase=50, ATR=None, Hold=2d, Exit=5b, long -> PnL: -308.79
    220/360 | Length=30, Phase=50, ATR=None, Hold=2d, Exit=5b, short -> PnL: -458.41
    221/360 | Length=30, Phase=50, ATR=1.5, Hold=0d, Exit=trend, long -> PnL: -497.66
    222/360 | Length=30, Phase=50, ATR=1.5, Hold=0d, Exit=trend, short -> PnL: -432.03
    223/360 | Length=30, Phase=50, ATR=1.5, Hold=0d, Exit=2b, long -> PnL: -459.10
    224/360 | Length=30, Phase=50, ATR=1.5, Hold=0d, Exit=2b, short -> PnL: -528.11
    225/360 | Length=30, Phase=50, ATR=1.5, Hold=0d, Exit=3b, long -> PnL: -456.93
    226/360 | Length=30, Phase=50, ATR=1.5, Hold=0d, Exit=3b, short -> PnL: -436.80
    227/360 | Length=30, Phase=50, ATR=1.5, Hold=0d, Exit=4b, long -> PnL: -441.47
    228/360 | Length=30, Phase=50, ATR=1.5, Hold=0d, Exit=4b, short -> PnL: -393.62
    229/360 | Length=30, Phase=50, ATR=1.5, Hold=0d, Exit=5b, long -> PnL: -455.97
    230/360 | Length=30, Phase=50, ATR=1.5, Hold=0d, Exit=5b, short -> PnL: -423.28
    231/360 | Length=30, Phase=50, ATR=1.5, Hold=2d, Exit=trend, long -> PnL: -235.41
    232/360 | Length=30, Phase=50, ATR=1.5, Hold=2d, Exit=trend, short -> PnL: +95.89
    233/360 | Length=30, Phase=50, ATR=1.5, Hold=2d, Exit=2b, long -> PnL: -415.10
    234/360 | Length=30, Phase=50, ATR=1.5, Hold=2d, Exit=2b, short -> PnL: -465.74
    235/360 | Length=30, Phase=50, ATR=1.5, Hold=2d, Exit=3b, long -> PnL: -429.19
    236/360 | Length=30, Phase=50, ATR=1.5, Hold=2d, Exit=3b, short -> PnL: -343.26
    237/360 | Length=30, Phase=50, ATR=1.5, Hold=2d, Exit=4b, long -> PnL: -351.70
    238/360 | Length=30, Phase=50, ATR=1.5, Hold=2d, Exit=4b, short -> PnL: -379.40
    239/360 | Length=30, Phase=50, ATR=1.5, Hold=2d, Exit=5b, long -> PnL: -264.76
    240/360 | Length=30, Phase=50, ATR=1.5, Hold=2d, Exit=5b, short -> PnL: -306.90
    241/360 | Length=50, Phase=-50, ATR=None, Hold=0d, Exit=trend, long -> PnL: -608.32
    242/360 | Length=50, Phase=-50, ATR=None, Hold=0d, Exit=trend, short -> PnL: -246.36
    243/360 | Length=50, Phase=-50, ATR=None, Hold=0d, Exit=2b, long -> PnL: -606.90
